<?xml version="1.0" encoding="UTF-8"?>
<testsuite xmlns:xsi="http://www.w3.org/2001/XMLSchema-instance" xsi:noNamespaceSchemaLocation="https://maven.apache.org/surefire/maven-surefire-plugin/xsd/surefire-test-report-3.0.xsd" version="3.0" name="com.resume.portfolio.service.ResumeParserServiceTest" time="1.378" tests="1" errors="0" skipped="0" failures="1">
  <properties>
[...]
</properties>
  <testcase name="testProjectAndAwardExtraction" classname="com.resume.portfolio.service.ResumeParserServiceTest" time="1.338">
    <failure message="Should find &apos;Chat Application&apos;. Found: [Smart Portfolio, E-Commerce App] ==&gt; expected: &lt;true&gt; but was: &lt;false&gt;" type="org.opentest4j.AssertionFailedError"><![CDATA[org.opentest4j.AssertionFailedError: Should find 'Chat Application'. Found: [Smart Portfolio, E-Commerce App] ==> expected: <true> but was: <false>
	at org.junit.jupiter.api.AssertionFailureBuilder.build(AssertionFailureBuilder.java:151)
	at org.junit.jupiter.api.AssertionFailureBuilder.buildAndThrow(AssertionFailureBuilder.java:132)
	at org.junit.jupiter.api.AssertTrue.failNotTrue(AssertTrue.java:63)
	at org.junit.jupiter.api.AssertTrue.assertTrue(AssertTrue.java:36)
	at org.junit.jupiter.api.Assertions.assertTrue(Assertions.java:214)
	at com.resume.portfolio.service.ResumeParserServiceTest.testProjectAndAwardExtraction(ResumeParserServiceTest.java:64)
	at java.base/java.lang.reflect.Method.invoke(Method.java:568)
	at java.base/java.util.ArrayList.forEach(ArrayList.java:1511)
	at java.base/java.util.ArrayList.forEach(ArrayList.java:1511)
]]></failure>
    <system-out><![CDATA[Parsed certifications: [AWS Certified Developer, Course on Udemy - 40 hours]
Parsed languages: []
Parsed awards: [Best Coder 2022, Received for best output., Hackathon Winner]
Projects Found: 2
 - Smart Portfolio [- Built with React. - Used Java.]
 - E-Commerce App [Built a shopping platform using MERN stack.]
Awards Found: [Best Coder 2022, Received for best output., Hackathon Winner]
]]></system-out>
  </testcase>
</testsuite>